<?xml version="1.0" encoding="UTF-8" ?>
<testsuites>
  <testsuite errors="0" failures="0" hostname="DarkIdiot" id="0" name="TestCalculate4Hamcrest" package="com.dark.ant" skipped="0" tests="1" time="0.099" timestamp="2016-01-05T00:56:53">
      <properties>
[...]
</properties>

      <testcase classname="com.dark.ant.TestCalculate4Hamcrest" name="testHamcrest" time="0.008" />

      <system-out><![CDATA[]]></system-out>

      <system-err><![CDATA[]]></system-err>

  </testsuite>
  <testsuite errors="0" failures="0" hostname="DarkIdiot" id="1" name="TestCalculate4Junit4" package="com.dark.ant" skipped="0" tests="5" time="0.289" timestamp="2016-01-05T00:56:54">
      <properties>
[...]
</properties>

      <testcase classname="com.dark.ant.TestCalculate4Junit4" name="testTime" time="0.211" />

      <testcase classname="com.dark.ant.TestCalculate4Junit4" name="testDivide" time="0.0" />

      <testcase classname="com.dark.ant.TestCalculate4Junit4" name="testMinus" time="0.0" />

      <testcase classname="com.dark.ant.TestCalculate4Junit4" name="testAdd" time="0.0" />

      <testcase classname="com.dark.ant.TestCalculate4Junit4" name="testMulti" time="0.0" />

      <system-out><![CDATA[]]></system-out>

      <system-err><![CDATA[]]></system-err>

  </testsuite>
  <testsuite errors="0" failures="0" hostname="DarkIdiot" id="2" name="TestHelloWorld" package="com.dark.ant" skipped="0" tests="6" time="1.091" timestamp="2016-01-05T00:56:55">
      <properties>
[...]
</properties>

      <testcase classname="com.dark.ant.TestHelloWorld" name="testReturnNotNull" time="0.001" />

      <testcase classname="com.dark.ant.TestHelloWorld" name="TestHello" time="0.001" />

      <testcase classname="com.dark.ant.TestHelloWorld" name="testException" time="0.0" />

      <testcase classname="com.dark.ant.TestHelloWorld" name="testTime" time="1.002" />

      <testcase classname="com.dark.ant.TestHelloWorld" name="TestWorld" time="0.0" />

      <testcase classname="com.dark.ant.TestHelloWorld" name="testReturnNull" time="0.0" />

      <system-out><![CDATA[]]></system-out>

      <system-err><![CDATA[]]></system-err>

  </testsuite>
  <testsuite errors="0" failures="0" hostname="DarkIdiot" id="3" name="TestSuit" package="com.dark.ant" skipped="0" tests="12" time="1.304" timestamp="2016-01-05T00:56:57">
      <properties>
[...]
</properties>

      <testcase classname="com.dark.ant.TestCalculate4Hamcrest" name="testHamcrest" time="0.005" />

      <testcase classname="com.dark.ant.TestCalculate4Junit4" name="testAdd" time="0.0" />

      <testcase classname="com.dark.ant.TestCalculate4Junit4" name="testMinus" time="0.0" />

      <testcase classname="com.dark.ant.TestCalculate4Junit4" name="testTime" time="0.21" />

      <testcase classname="com.dark.ant.TestCalculate4Junit4" name="testDivide" time="0.0" />

      <testcase classname="com.dark.ant.TestCalculate4Junit4" name="testMulti" time="0.0" />

      <testcase classname="com.dark.ant.TestHelloWorld" name="testTime" time="1.003" />

      <testcase classname="com.dark.ant.TestHelloWorld" name="testException" time="0.0" />

      <testcase classname="com.dark.ant.TestHelloWorld" name="TestHello" time="0.0" />

      <testcase classname="com.dark.ant.TestHelloWorld" name="testReturnNull" time="0.0" />

      <testcase classname="com.dark.ant.TestHelloWorld" name="TestWorld" time="0.0" />

      <testcase classname="com.dark.ant.TestHelloWorld" name="testReturnNotNull" time="0.0" />

      <system-out><![CDATA[]]></system-out>

      <system-err><![CDATA[]]></system-err>

  </testsuite>
  <testsuite errors="0" failures="0" hostname="DarkIdiot" id="4" name="TestUserService" package="com.dark.cobertura" skipped="0" tests="6" time="0.087" timestamp="2016-01-05T00:56:59">
      <properties>
[...]
</properties>

      <testcase classname="com.dark.cobertura.TestUserService" name="testLogin" time="0.001" />

      <testcase classname="com.dark.cobertura.TestUserService" name="AddExistUsername" time="0.0" />

      <testcase classname="com.dark.cobertura.TestUserService" name="testDelete" time="0.001" />

      <testcase classname="com.dark.cobertura.TestUserService" name="testAdd" time="0.0" />

      <testcase classname="com.dark.cobertura.TestUserService" name="testPasswordErrorUserLogin" time="0.0" />

      <testcase classname="com.dark.cobertura.TestUserService" name="testNotExistsUserLogin" time="0.0" />

      <system-out><![CDATA[]]></system-out>

      <system-err><![CDATA[]]></system-err>

  </testsuite>
</testsuites>
